<?xml version="1.0" encoding="UTF-8"?>
<!-- Generated by org.testng.reporters.JUnitXMLReporter -->
<testsuite ignored="0" hostname="DESKTOP-1783BAU" failures="2" tests="2" name="Test" time="21.333" errors="0" timestamp="2023-01-26T11:43:33 IST">
  <testcase classname="Com.Ecommerce.TestCase.TC_Search_functionality" name="Search_Functionlity" time="5.045">
    <failure type="java.lang.AssertionError" message="expected [true] but found [false]">
      <![CDATA[java.lang.AssertionError: expected [true] but found [false]
at Com.Ecommerce.TestCase.TC_Search_functionality.Search_Functionlity(TC_Search_functionality.java:36)
at java.base/java.util.ArrayList.forEach(ArrayList.java:1511)
... Removed 29 stack frames]]>
    </failure>
  </testcase> <!-- Search_Functionlity -->
  <testcase classname="Com.Ecommerce.TestCase.TC_LoginTestcase" name="LoginTestCase" time="4.204">
    <failure type="java.lang.AssertionError" message="expected [true] but found [false]">
      <![CDATA[java.lang.AssertionError: expected [true] but found [false]
at Com.Ecommerce.TestCase.TC_LoginTestcase.LoginTestCase(TC_LoginTestcase.java:36)
at java.base/java.util.ArrayList.forEach(ArrayList.java:1511)
... Removed 29 stack frames]]>
    </failure>
  </testcase> <!-- LoginTestCase -->
</testsuite> <!-- Test -->
