<?xml version="1.0" encoding="UTF-8"?>
<testng-results ignored="0" total="5" passed="4" failed="1" skipped="0">
  <reporter-output>
  </reporter-output>
  <suite started-at="2023-01-20T09:24:03 IST" name="Suite" finished-at="2023-01-20T09:25:42 IST" duration-ms="98773">
    <groups>
    </groups>
    <test started-at="2023-01-20T09:24:03 IST" name="Test" finished-at="2023-01-20T09:25:42 IST" duration-ms="98773">
      <class name="Com.Ecommerce.TestCases.TC_LoginDataTestCase">
        <test-method is-config="true" signature="initialization(java.lang.String)[pri:0, instance:Com.Ecommerce.TestCases.TC_LoginDataTestCase@f79e]" started-at="2023-01-20T09:24:04 IST" name="initialization" finished-at="2023-01-20T09:24:17 IST" duration-ms="13439" status="PASS">
          <params>
            <param index="0">
              <value>
                <![CDATA[Chrome]]>
              </value>
            </param>
          </params>
          <reporter-output>
          </reporter-output>
        </test-method> <!-- initialization -->
        <test-method signature="LoginData(java.lang.String,java.lang.String,java.lang.String)[pri:0, instance:Com.Ecommerce.TestCases.TC_LoginDataTestCase@f79e]" started-at="2023-01-20T09:24:17 IST" name="LoginData" data-provider="LoginData" finished-at="2023-01-20T09:24:28 IST" duration-ms="11002" status="FAIL">
          <params>
            <param index="0">
              <value>
                <![CDATA[D@gmail.com]]>
              </value>
            </param>
            <param index="1">
              <value>
                <![CDATA[SSSSSS]]>
              </value>
            </param>
            <param index="2">
              <value>
                <![CDATA[Valid]]>
              </value>
            </param>
          </params>
          <exception class="java.lang.AssertionError">
            <message>
              <![CDATA[expected [true] but found [false]]]>
            </message>
            <full-stacktrace>
              <![CDATA[java.lang.AssertionError: expected [true] but found [false]
at org.testng.Assert.fail(Assert.java:99)
at org.testng.Assert.failNotEquals(Assert.java:1037)
at org.testng.Assert.assertTrue(Assert.java:45)
at org.testng.Assert.assertTrue(Assert.java:55)
at Com.Ecommerce.TestCases.TC_LoginDataTestCase.LoginData(TC_LoginDataTestCase.java:41)
at java.base/jdk.internal.reflect.DirectMethodHandleAccessor.invoke(DirectMethodHandleAccessor.java:104)
at java.base/java.lang.reflect.Method.invoke(Method.java:577)
at org.testng.internal.MethodInvocationHelper.invokeMethod(MethodInvocationHelper.java:133)
at org.testng.internal.TestInvoker.invokeMethod(TestInvoker.java:598)
at org.testng.internal.TestInvoker.invokeTestMethod(TestInvoker.java:173)
at org.testng.internal.MethodRunner.runInSequence(MethodRunner.java:46)
at org.testng.internal.TestInvoker$MethodInvocationAgent.invoke(TestInvoker.java:824)
at org.testng.internal.TestInvoker.invokeTestMethods(TestInvoker.java:146)
at org.testng.internal.TestMethodWorker.invokeTestMethods(TestMethodWorker.java:146)
at org.testng.internal.TestMethodWorker.run(TestMethodWorker.java:128)
at java.base/java.util.ArrayList.forEach(ArrayList.java:1511)
at org.testng.TestRunner.privateRun(TestRunner.java:794)
at org.testng.TestRunner.run(TestRunner.java:596)
at org.testng.SuiteRunner.runTest(SuiteRunner.java:377)
at org.testng.SuiteRunner.runSequentially(SuiteRunner.java:371)
at org.testng.SuiteRunner.privateRun(SuiteRunner.java:332)
at org.testng.SuiteRunner.run(SuiteRunner.java:276)
at org.testng.SuiteRunnerWorker.runSuite(SuiteRunnerWorker.java:53)
at org.testng.SuiteRunnerWorker.run(SuiteRunnerWorker.java:96)
at org.testng.TestNG.runSuitesSequentially(TestNG.java:1212)
at org.testng.TestNG.runSuitesLocally(TestNG.java:1134)
at org.testng.TestNG.runSuites(TestNG.java:1063)
at org.testng.TestNG.run(TestNG.java:1031)
at org.testng.remote.AbstractRemoteTestNG.run(AbstractRemoteTestNG.java:115)
at org.testng.remote.RemoteTestNG.initAndRun(RemoteTestNG.java:251)
at org.testng.remote.RemoteTestNG.main(RemoteTestNG.java:77)
]]>
            </full-stacktrace>
          </exception> <!-- java.lang.AssertionError -->
          <reporter-output>
          </reporter-output>
        </test-method> <!-- LoginData -->
        <test-method is-config="true" signature="TearDown()[pri:0, instance:Com.Ecommerce.TestCases.TC_LoginDataTestCase@f79e]" started-at="2023-01-20T09:24:29 IST" name="TearDown" finished-at="2023-01-20T09:24:29 IST" duration-ms="114" status="PASS">
          <reporter-output>
          </reporter-output>
        </test-method> <!-- TearDown -->
        <test-method is-config="true" signature="initialization(java.lang.String)[pri:0, instance:Com.Ecommerce.TestCases.TC_LoginDataTestCase@f79e]" started-at="2023-01-20T09:24:29 IST" name="initialization" finished-at="2023-01-20T09:24:36 IST" duration-ms="7536" status="PASS">
          <params>
            <param index="0">
              <value>
                <![CDATA[Chrome]]>
              </value>
            </param>
          </params>
          <reporter-output>
          </reporter-output>
        </test-method> <!-- initialization -->
        <test-method signature="LoginData(java.lang.String,java.lang.String,java.lang.String)[pri:0, instance:Com.Ecommerce.TestCases.TC_LoginDataTestCase@f79e]" started-at="2023-01-20T09:24:36 IST" name="LoginData" data-provider="LoginData" finished-at="2023-01-20T09:24:47 IST" duration-ms="10768" status="PASS">
          <params>
            <param index="0">
              <value>
                <![CDATA[D@gmail.com]]>
              </value>
            </param>
            <param index="1">
              <value>
                <![CDATA[SSSSS]]>
              </value>
            </param>
            <param index="2">
              <value>
                <![CDATA[Invalid]]>
              </value>
            </param>
          </params>
          <reporter-output>
          </reporter-output>
        </test-method> <!-- LoginData -->
        <test-method is-config="true" signature="TearDown()[pri:0, instance:Com.Ecommerce.TestCases.TC_LoginDataTestCase@f79e]" started-at="2023-01-20T09:24:47 IST" name="TearDown" finished-at="2023-01-20T09:24:47 IST" duration-ms="111" status="PASS">
          <reporter-output>
          </reporter-output>
        </test-method> <!-- TearDown -->
        <test-method is-config="true" signature="initialization(java.lang.String)[pri:0, instance:Com.Ecommerce.TestCases.TC_LoginDataTestCase@f79e]" started-at="2023-01-20T09:24:47 IST" name="initialization" finished-at="2023-01-20T09:24:56 IST" duration-ms="9190" status="PASS">
          <params>
            <param index="0">
              <value>
                <![CDATA[Chrome]]>
              </value>
            </param>
          </params>
          <reporter-output>
          </reporter-output>
        </test-method> <!-- initialization -->
        <test-method signature="LoginData(java.lang.String,java.lang.String,java.lang.String)[pri:0, instance:Com.Ecommerce.TestCases.TC_LoginDataTestCase@f79e]" started-at="2023-01-20T09:24:56 IST" name="LoginData" data-provider="LoginData" finished-at="2023-01-20T09:25:07 IST" duration-ms="10049" status="PASS">
          <params>
            <param index="0">
              <value>
                <![CDATA[DSS@gmail.com]]>
              </value>
            </param>
            <param index="1">
              <value>
                <![CDATA[SSSSSS]]>
              </value>
            </param>
            <param index="2">
              <value>
                <![CDATA[Invalid]]>
              </value>
            </param>
          </params>
          <reporter-output>
          </reporter-output>
        </test-method> <!-- LoginData -->
        <test-method is-config="true" signature="TearDown()[pri:0, instance:Com.Ecommerce.TestCases.TC_LoginDataTestCase@f79e]" started-at="2023-01-20T09:25:07 IST" name="TearDown" finished-at="2023-01-20T09:25:07 IST" duration-ms="110" status="PASS">
          <reporter-output>
          </reporter-output>
        </test-method> <!-- TearDown -->
        <test-method is-config="true" signature="initialization(java.lang.String)[pri:0, instance:Com.Ecommerce.TestCases.TC_LoginDataTestCase@f79e]" started-at="2023-01-20T09:25:07 IST" name="initialization" finished-at="2023-01-20T09:25:12 IST" duration-ms="5848" status="PASS">
          <params>
            <param index="0">
              <value>
                <![CDATA[Chrome]]>
              </value>
            </param>
          </params>
          <reporter-output>
          </reporter-output>
        </test-method> <!-- initialization -->
        <test-method signature="LoginData(java.lang.String,java.lang.String,java.lang.String)[pri:0, instance:Com.Ecommerce.TestCases.TC_LoginDataTestCase@f79e]" started-at="2023-01-20T09:25:12 IST" name="LoginData" data-provider="LoginData" finished-at="2023-01-20T09:25:23 IST" duration-ms="10807" status="PASS">
          <params>
            <param index="0">
              <value>
                <![CDATA[DA@gmail.com]]>
              </value>
            </param>
            <param index="1">
              <value>
                <![CDATA[SSSSSSs]]>
              </value>
            </param>
            <param index="2">
              <value>
                <![CDATA[Invalid]]>
              </value>
            </param>
          </params>
          <reporter-output>
          </reporter-output>
        </test-method> <!-- LoginData -->
        <test-method is-config="true" signature="TearDown()[pri:0, instance:Com.Ecommerce.TestCases.TC_LoginDataTestCase@f79e]" started-at="2023-01-20T09:25:23 IST" name="TearDown" finished-at="2023-01-20T09:25:23 IST" duration-ms="112" status="PASS">
          <reporter-output>
          </reporter-output>
        </test-method> <!-- TearDown -->
        <test-method is-config="true" signature="initialization(java.lang.String)[pri:0, instance:Com.Ecommerce.TestCases.TC_LoginDataTestCase@f79e]" started-at="2023-01-20T09:25:23 IST" name="initialization" finished-at="2023-01-20T09:25:31 IST" duration-ms="8075" status="PASS">
          <params>
            <param index="0">
              <value>
                <![CDATA[Chrome]]>
              </value>
            </param>
          </params>
          <reporter-output>
          </reporter-output>
        </test-method> <!-- initialization -->
        <test-method signature="LoginData(java.lang.String,java.lang.String,java.lang.String)[pri:0, instance:Com.Ecommerce.TestCases.TC_LoginDataTestCase@f79e]" started-at="2023-01-20T09:25:31 IST" name="LoginData" data-provider="LoginData" finished-at="2023-01-20T09:25:42 IST" duration-ms="10125" status="PASS">
          <params>
            <param index="0">
              <value>
                <![CDATA[DSS@gmail.com]]>
              </value>
            </param>
            <param index="1">
              <value>
                <![CDATA[SSSSSS]]>
              </value>
            </param>
            <param index="2">
              <value>
                <![CDATA[Invalid]]>
              </value>
            </param>
          </params>
          <reporter-output>
          </reporter-output>
        </test-method> <!-- LoginData -->
        <test-method is-config="true" signature="TearDown()[pri:0, instance:Com.Ecommerce.TestCases.TC_LoginDataTestCase@f79e]" started-at="2023-01-20T09:25:42 IST" name="TearDown" finished-at="2023-01-20T09:25:42 IST" duration-ms="108" status="PASS">
          <reporter-output>
          </reporter-output>
        </test-method> <!-- TearDown -->
      </class> <!-- Com.Ecommerce.TestCases.TC_LoginDataTestCase -->
    </test> <!-- Test -->
  </suite> <!-- Suite -->
</testng-results>
